0.0000        -12432.44    -12504.53        72.09   302.8
0.5000        -12990.68    -13061.99        71.31   299.5
1.0000        -13013.86    -13082.23        68.37   287.2
1.5000        -13018.01    -13087.39        69.38   291.4
2.0000        -13025.38    -13095.56        70.18   294.8
2.5000        -13028.48    -13099.51        71.03   298.3
3.0000        -13032.64    -13102.81        70.16   294.7
3.5000        -13036.04    -13106.49        70.45   295.9
4.0000        -13039.97    -13108.68        68.71   288.6
4.5000        -13040.78    -13111.88        71.10   298.6
5.0000        -13043.86    -13113.63        69.77   293.0
5.5000        -13042.61    -13113.52        70.91   297.8
6.0000        -13047.96    -13114.62        66.66   280.0
6.5000        -13042.15    -13112.70        70.55   296.3
7.0000        -13043.86    -13113.98        70.12   294.5
7.5000        -13043.28    -13115.23        71.95   302.2
8.0000        -13045.26    -13114.55        69.29   291.0
8.5000        -13047.66    -13117.80        70.14   294.6
9.0000        -13045.74    -13115.85        70.12   294.5
9.5000        -13047.32    -13117.35        70.03   294.1
10.0000       -13046.63    -13116.79        70.16   294.7
10.5000       -13045.63    -13117.44        71.81   301.6
11.0000       -13049.11    -13120.55        71.44   300.0
11.5000       -13049.91    -13120.72        70.81   297.4
12.0000       -13052.80    -13123.88        71.09   298.6
12.5000       -13052.67    -13122.36        69.69   292.7
13.0000       -13056.10    -13123.86        67.77   284.6
13.5000       -13050.35    -13121.44        71.09   298.6
14.0000       -13052.77    -13122.85        70.08   294.3
14.5000       -13051.53    -13121.59        70.07   294.3
15.0000       -13053.66    -13123.83        70.17   294.7
15.5000       -13052.12    -13122.01        69.89   293.5
16.0000       -13052.48    -13122.48        70.01   294.0
16.5000       -13054.79    -13124.83        70.04   294.2
17.0000       -13055.85    -13125.62        69.77   293.0
17.5000       -13055.54    -13125.35        69.81   293.2
18.0000       -13055.36    -13126.08        70.72   297.0
18.5000       -13056.23    -13125.83        69.60   292.3
19.0000       -13056.21    -13126.45        70.25   295.0
19.5000       -13056.66    -13127.77        71.11   298.7
20.0000       -13055.15    -13127.08        71.94   302.1
20.5000       -13055.76    -13125.19        69.43   291.6
21.0000       -13056.70    -13127.26        70.56   296.4
21.5000       -13056.45    -13126.05        69.61   292.3
22.0000       -13057.31    -13127.44        70.12   294.5
22.5000       -13054.12    -13128.27        74.16   311.5
23.0000       -13058.34    -13129.14        70.80   297.4
23.5000       -13058.09    -13129.53        71.43   300.0
24.0000       -13061.07    -13131.18        70.10   294.4
24.5000       -13059.60    -13129.96        70.36   295.5
25.0000       -13061.45    -13130.71        69.26   290.9
25.5000       -13060.85    -13129.20        68.35   287.1
26.0000       -13059.52    -13128.88        69.36   291.3
26.5000       -13059.93    -13128.38        68.46   287.5
27.0000       -13060.05    -13130.28        70.23   295.0
27.5000       -13058.10    -13128.68        70.58   296.5
28.0000       -13057.19    -13130.52        73.33   308.0
28.5000       -13055.96    -13128.26        72.30   303.6
29.0000       -13056.33    -13128.68        72.35   303.9
29.5000       -13058.42    -13129.16        70.74   297.1
30.0000       -13058.04    -13129.47        71.43   300.0
30.5000       -13062.31    -13132.84        70.53   296.2
31.0000       -13061.09    -13132.43        71.33   299.6
31.5000       -13057.96    -13129.66        71.70   301.1
32.0000       -13062.06    -13132.46        70.39   295.7
32.5000       -13059.51    -13131.17        71.65   300.9
33.0000       -13062.23    -13131.78        69.55   292.1
33.5000       -13059.43    -13130.41        70.97   298.1
34.0000       -13063.31    -13133.06        69.75   293.0
34.5000       -13063.18    -13132.19        69.01   289.8
35.0000       -13062.61    -13133.27        70.67   296.8
35.5000       -13060.40    -13131.34        70.94   297.9
36.0000       -13062.01    -13134.25        72.24   303.4
36.5000       -13063.57    -13133.96        70.39   295.7
37.0000       -13060.72    -13130.75        70.04   294.2
37.5000       -13061.10    -13132.97        71.87   301.9
38.0000       -13063.82    -13133.90        70.08   294.3
38.5000       -13061.47    -13133.33        71.86   301.8
39.0000       -13062.28    -13132.11        69.83   293.3
39.5000       -13062.30    -13134.04        71.74   301.3
40.0000       -13064.73    -13134.52        69.79   293.1
40.5000       -13063.61    -13135.06        71.45   300.1
41.0000       -13065.04    -13136.17        71.13   298.8
41.5000       -13065.35    -13136.16        70.81   297.4
42.0000       -13063.53    -13133.96        70.44   295.8
42.5000       -13062.40    -13133.17        70.77   297.2
43.0000       -13064.19    -13131.74        67.55   283.7
43.5000       -13065.25    -13133.51        68.26   286.7
44.0000       -13061.05    -13131.29        70.24   295.0
44.5000       -13062.74    -13132.68        69.94   293.8
45.0000       -13065.25    -13136.59        71.33   299.6
45.5000       -13064.15    -13135.20        71.05   298.4
46.0000       -13064.70    -13134.79        70.09   294.4
46.5000       -13064.46    -13135.77        71.31   299.5
47.0000       -13061.96    -13132.75        70.79   297.3
47.5000       -13066.03    -13134.85        68.81   289.0
48.0000       -13064.77    -13135.39        70.62   296.6
48.5000       -13064.11    -13136.89        72.78   305.7
49.0000       -13067.73    -13137.53        69.79   293.1
49.5000       -13065.83    -13134.84        69.01   289.8
50.0000       -13064.11    -13135.90        71.79   301.5
0.0000        -13063.89    -13135.90        72.01   302.4
0.5000        -13061.93    -13133.50        71.57   300.6
1.0000        -13066.84    -13136.31        69.47   291.8
1.5000        -13061.73    -13132.37        70.64   296.7
2.0000        -13059.57    -13133.05        73.49   308.6
2.5000        -13066.94    -13134.56        67.62   284.0
3.0000        -13064.96    -13136.82        71.86   301.8
3.5000        -13066.59    -13137.10        70.51   296.1
4.0000        -13067.31    -13136.73        69.42   291.6
4.5000        -13064.56    -13134.67        70.12   294.5
5.0000        -13059.57    -13133.99        74.42   312.6
5.5000        -13068.72    -13138.35        69.63   292.5
6.0000        -13065.01    -13135.76        70.75   297.2
6.5000        -13065.47    -13136.56        71.09   298.6
7.0000        -13064.52    -13137.90        73.38   308.2
7.5000        -13066.97    -13137.30        70.33   295.4
8.0000        -13064.94    -13135.14        70.20   294.8
8.5000        -13064.59    -13135.49        70.90   297.8
9.0000        -13063.87    -13133.14        69.27   290.9
9.5000        -13069.91    -13137.33        67.43   283.2
10.0000       -13064.38    -13135.82        71.44   300.1
10.5000       -13068.78    -13139.35        70.57   296.4
11.0000       -13068.62    -13136.82        68.20   286.4
11.5000       -13065.99    -13135.23        69.25   290.8
12.0000       -13063.67    -13136.06        72.38   304.0
12.5000       -13066.50    -13137.04        70.54   296.3
13.0000       -13066.99    -13135.41        68.41   287.3
13.5000       -13066.51    -13136.91        70.40   295.7
14.0000       -13069.62    -13139.15        69.52   292.0
14.5000       -13067.83    -13138.68        70.85   297.6
15.0000       -13069.18    -13139.03        69.84   293.3
15.5000       -13066.17    -13139.52        73.35   308.1
16.0000       -13071.72    -13140.18        68.46   287.5
16.5000       -13066.75    -13138.82        72.07   302.7
17.0000       -13071.25    -13139.51        68.26   286.7
17.5000       -13067.99    -13137.45        69.46   291.7
18.0000       -13069.45    -13138.72        69.27   290.9
18.5000       -13066.28    -13137.27        70.98   298.1
19.0000       -13069.07    -13139.39        70.33   295.4
19.5000       -13064.43    -13137.55        73.12   307.1
20.0000       -13066.08    -13138.69        72.61   304.9
20.5000       -13071.49    -13139.76        68.28   286.8
21.0000       -13067.34    -13137.19        69.85   293.4
21.5000       -13067.09    -13139.20        72.11   302.9
22.0000       -13069.32    -13139.02        69.70   292.7
22.5000       -13068.83    -13137.32        68.50   287.7
23.0000       -13068.19    -13137.02        68.83   289.1
23.5000       -13068.29    -13139.46        71.17   298.9
24.0000       -13066.34    -13138.80        72.46   304.3
24.5000       -13066.43    -13137.92        71.50   300.3
25.0000       -13065.66    -13136.71        71.05   298.4
25.5000       -13068.50    -13138.35        69.85   293.4
26.0000       -13068.11    -13136.68        68.58   288.0
26.5000       -13068.75    -13138.66        69.91   293.6
27.0000       -13067.04    -13138.45        71.41   299.9
27.5000       -13070.53    -13140.89        70.36   295.5
28.0000       -13071.22    -13141.74        70.52   296.2
28.5000       -13068.81    -13139.14        70.33   295.4
29.0000       -13066.60    -13139.87        73.27   307.7
29.5000       -13070.84    -13139.54        68.70   288.5
30.0000       -13068.36    -13139.32        70.96   298.0
30.5000       -13066.72    -13138.37        71.64   300.9
31.0000       -13071.78    -13140.89        69.11   290.3
31.5000       -13063.95    -13136.32        72.37   304.0
32.0000       -13069.59    -13137.94        68.35   287.1
32.5000       -13070.29    -13142.13        71.84   301.7
33.0000       -13068.30    -13140.69        72.40   304.1
33.5000       -13072.59    -13143.09        70.50   296.1
34.0000       -13068.63    -13139.97        71.34   299.6
34.5000       -13069.02    -13140.05        71.02   298.3
35.0000       -13068.57    -13139.70        71.12   298.7
35.5000       -13071.80    -13141.01        69.21   290.7
36.0000       -13070.49    -13142.83        72.34   303.8
36.5000       -13076.61    -13145.28        68.66   288.4
37.0000       -13072.14    -13142.75        70.61   296.6
37.5000       -13067.62    -13137.84        70.22   294.9
38.0000       -13069.78    -13139.94        70.17   294.7
38.5000       -13075.24    -13143.84        68.59   288.1
39.0000       -13068.92    -13139.04        70.11   294.5
39.5000       -13071.00    -13140.85        69.85   293.4
40.0000       -13072.33    -13143.23        70.90   297.8
40.5000       -13068.23    -13138.91        70.69   296.9
41.0000       -13071.81    -13142.60        70.79   297.3
41.5000       -13073.08    -13143.40        70.32   295.3
42.0000       -13071.38    -13141.97        70.58   296.5
42.5000       -13069.93    -13141.19        71.26   299.3
43.0000       -13074.27    -13142.63        68.36   287.1
43.5000       -13071.39    -13141.81        70.42   295.8
44.0000       -13072.00    -13142.53        70.53   296.2
44.5000       -13075.78    -13143.37        67.59   283.9
45.0000       -13070.28    -13142.09        71.82   301.6
45.5000       -13071.91    -13140.26        68.35   287.1
46.0000       -13072.24    -13142.98        70.74   297.1
46.5000       -13072.13    -13142.26        70.12   294.5
47.0000       -13071.29    -13141.70        70.41   295.7
47.5000       -13070.14    -13140.94        70.80   297.4
48.0000       -13069.95    -13139.86        69.91   293.6
48.5000       -13072.19    -13140.46        68.27   286.7
49.0000       -13069.30    -13141.16        71.86   301.8
49.5000       -13076.96    -13145.23        68.27   286.7
50.0000       -13070.10    -13142.17        72.07   302.7
0.0000        -13074.64    -13142.17        67.53   283.6
0.5000        -13070.78    -13140.95        70.16   294.7
1.0000        -13071.41    -13140.71        69.30   291.1
1.5000        -13071.40    -13141.32        69.92   293.7
2.0000        -13073.47    -13141.34        67.88   285.1
2.5000        -13072.11    -13142.64        70.53   296.2
3.0000        -13073.39    -13143.29        69.89   293.5
3.5000        -13072.12    -13142.04        69.91   293.6
4.0000        -13071.53    -13142.20        70.67   296.8
4.5000        -13069.93    -13140.74        70.81   297.4
5.0000        -13073.61    -13143.51        69.91   293.6
5.5000        -13066.76    -13140.52        73.77   309.8
6.0000        -13071.05    -13141.40        70.36   295.5
6.5000        -13070.46    -13142.02        71.55   300.5
7.0000        -13070.74    -13142.17        71.42   300.0
7.5000        -13071.56    -13143.57        72.00   302.4
8.0000        -13072.76    -13141.78        69.01   289.8
8.5000        -13074.62    -13144.56        69.94   293.8
9.0000        -13069.82    -13141.42        71.60   300.7
9.5000        -13073.45    -13144.29        70.83   297.5
10.0000       -13071.67    -13143.17        71.50   300.3
10.5000       -13072.19    -13140.91        68.72   288.6
11.0000       -13071.15    -13140.58        69.43   291.6
11.5000       -13070.59    -13143.18        72.59   304.9
12.0000       -13074.17    -13143.59        69.42   291.6
12.5000       -13070.25    -13141.57        71.32   299.5
13.0000       -13073.05    -13143.42        70.38   295.6
13.5000       -13074.63    -13142.70        68.07   285.9
14.0000       -13071.52    -13142.45        70.92   297.9
14.5000       -13075.28    -13144.90        69.63   292.4
15.0000       -13073.26    -13141.14        67.88   285.1
15.5000       -13073.27    -13143.54        70.27   295.1
16.0000       -13071.84    -13142.70        70.86   297.6
16.5000       -13072.64    -13142.29        69.66   292.6
17.0000       -13073.15    -13143.14        69.99   294.0
17.5000       -13076.15    -13145.64        69.49   291.9
18.0000       -13074.80    -13144.39        69.58   292.2
18.5000       -13074.45    -13143.06        68.61   288.1
19.0000       -13072.33    -13144.40        72.07   302.7
19.5000       -13074.28    -13142.92        68.64   288.3
20.0000       -13070.37    -13142.40        72.03   302.5
20.5000       -13071.57    -13144.22        72.65   305.1
21.0000       -13077.17    -13144.34        67.17   282.1
21.5000       -13073.01    -13143.57        70.56   296.3
22.0000       -13074.56    -13146.47        71.91   302.0
22.5000       -13075.09    -13145.54        70.45   295.9
23.0000       -13072.70    -13143.25        70.55   296.3
23.5000       -13073.11    -13143.27        70.16   294.7
24.0000       -13077.13    -13146.26        69.12   290.3
24.5000       -13073.44    -13142.00        68.56   288.0
25.0000       -13076.41    -13145.84        69.44   291.6
25.5000       -13073.18    -13144.71        71.53   300.4
26.0000       -13071.73    -13146.70        74.98   314.9
26.5000       -13071.07    -13143.92        72.85   306.0
27.0000       -13074.57    -13145.16        70.59   296.5
27.5000       -13074.38    -13143.71        69.34   291.2
28.0000       -13069.51    -13141.42        71.91   302.0
28.5000       -13073.28    -13143.16        69.87   293.5
29.0000       -13072.86    -13145.46        72.60   304.9
29.5000       -13074.48    -13144.17        69.68   292.7
30.0000       -13074.29    -13146.15        71.86   301.8
30.5000       -13069.73    -13141.29        71.56   300.5
31.0000       -13071.43    -13144.29        72.86   306.0
31.5000       -13075.95    -13146.32        70.37   295.5
32.0000       -13073.29    -13144.72        71.42   300.0
32.5000       -13076.67    -13147.06        70.39   295.6
33.0000       -13075.54    -13147.56        72.02   302.5
33.5000       -13073.51    -13145.09        71.58   300.6
34.0000       -13072.79    -13144.89        72.10   302.8
34.5000       -13076.49    -13145.29        68.80   288.9
35.0000       -13072.70    -13146.21        73.51   308.7
35.5000       -13073.71    -13144.12        70.40   295.7
36.0000       -13077.03    -13145.12        68.09   286.0
36.5000       -13073.83    -13145.66        71.83   301.7
37.0000       -13077.63    -13148.30        70.67   296.8
37.5000       -13076.97    -13146.23        69.26   290.9
38.0000       -13078.41    -13145.36        66.95   281.2
38.5000       -13075.44    -13145.84        70.40   295.7
39.0000       -13069.37    -13141.41        72.04   302.6
39.5000       -13074.32    -13145.13        70.81   297.4
40.0000       -13073.70    -13148.04        74.34   312.2
40.5000       -13076.05    -13145.99        69.93   293.7
41.0000       -13075.38    -13146.24        70.86   297.6
41.5000       -13073.22    -13143.32        70.10   294.4
42.0000       -13075.82    -13146.20        70.38   295.6
42.5000       -13073.05    -13142.14        69.09   290.2
43.0000       -13076.93    -13145.62        68.69   288.5
43.5000       -13072.00    -13142.86        70.86   297.6
44.0000       -13072.63    -13143.60        70.97   298.1
44.5000       -13074.81    -13144.57        69.76   293.0
45.0000       -13075.60    -13143.08        67.48   283.4
45.5000       -13078.24    -13146.36        68.13   286.1
46.0000       -13073.02    -13144.44        71.42   299.9
46.5000       -13075.55    -13145.81        70.26   295.1
47.0000       -13074.85    -13143.62        68.77   288.8
47.5000       -13072.95    -13143.61        70.66   296.8
48.0000       -13075.59    -13145.42        69.83   293.3
48.5000       -13073.05    -13146.42        73.37   308.1
49.0000       -13076.29    -13146.55        70.27   295.1
49.5000       -13077.83    -13148.68        70.85   297.5
50.0000       -13076.82    -13144.54        67.72   284.4
0.0000        -13076.82    -13144.54        67.72   284.4
0.5000        -13080.34    -13147.86        67.52   283.6
1.0000        -13074.17    -13144.65        70.48   296.0
1.5000        -13079.34    -13148.27        68.93   289.5
2.0000        -13078.17    -13147.04        68.86   289.2
2.5000        -13078.71    -13147.22        68.52   287.8
3.0000        -13075.00    -13147.54        72.53   304.6
3.5000        -13076.02    -13146.02        70.01   294.0
4.0000        -13074.81    -13143.96        69.15   290.4
4.5000        -13076.04    -13145.96        69.92   293.7
5.0000        -13075.02    -13144.54        69.52   292.0
5.5000        -13075.59    -13147.87        72.28   303.6
6.0000        -13077.96    -13148.86        70.90   297.8
6.5000        -13079.89    -13149.90        70.01   294.1
7.0000        -13076.55    -13146.60        70.05   294.2
7.5000        -13078.09    -13147.56        69.47   291.8
8.0000        -13073.47    -13143.37        69.89   293.5
8.5000        -13077.08    -13148.09        71.01   298.2
9.0000        -13076.97    -13147.32        70.34   295.4
9.5000        -13077.16    -13146.17        69.01   289.8
10.0000       -13076.77    -13148.52        71.74   301.3
10.5000       -13074.23    -13146.97        72.74   305.5
11.0000       -13076.53    -13146.81        70.28   295.2
11.5000       -13070.32    -13144.87        74.55   313.1
12.0000       -13076.69    -13145.75        69.06   290.0
12.5000       -13075.58    -13146.64        71.06   298.5
13.0000       -13080.57    -13150.05        69.48   291.8
13.5000       -13075.29    -13146.76        71.46   300.2
14.0000       -13074.21    -13146.29        72.09   302.8
14.5000       -13078.97    -13147.29        68.32   286.9
15.0000       -13073.49    -13145.87        72.38   304.0
15.5000       -13077.59    -13145.75        68.17   286.3
16.0000       -13076.26    -13145.52        69.26   290.9
16.5000       -13076.92    -13147.95        71.03   298.3
17.0000       -13077.79    -13148.21        70.42   295.8
17.5000       -13074.24    -13145.36        71.12   298.7
18.0000       -13074.21    -13145.53        71.33   299.6
18.5000       -13081.71    -13149.80        68.10   286.0
19.0000       -13079.90    -13149.28        69.38   291.4
19.5000       -13076.81    -13148.17        71.36   299.7
20.0000       -13075.44    -13146.04        70.60   296.5
20.5000       -13073.77    -13145.57        71.80   301.6
21.0000       -13075.67    -13145.83        70.17   294.7
21.5000       -13074.69    -13145.76        71.07   298.5
22.0000       -13076.67    -13146.78        70.11   294.5
22.5000       -13078.35    -13148.38        70.03   294.1
23.0000       -13077.47    -13146.92        69.45   291.7
23.5000       -13073.34    -13146.12        72.79   305.7
24.0000       -13077.01    -13148.91        71.90   302.0
24.5000       -13083.00    -13150.82        67.82   284.8
25.0000       -13077.23    -13149.21        71.98   302.3
25.5000       -13079.14    -13147.94        68.80   288.9
26.0000       -13076.13    -13147.65        71.52   300.4
26.5000       -13075.90    -13146.32        70.41   295.7
27.0000       -13075.30    -13147.00        71.70   301.1
27.5000       -13076.63    -13149.14        72.51   304.5
28.0000       -13079.77    -13148.56        68.79   288.9
28.5000       -13074.79    -13145.87        71.08   298.5
29.0000       -13075.14    -13147.05        71.91   302.0
29.5000       -13073.03    -13146.54        73.51   308.7
30.0000       -13076.05    -13146.67        70.62   296.6
30.5000       -13073.43    -13144.58        71.16   298.9
31.0000       -13082.32    -13148.98        66.66   280.0
31.5000       -13074.41    -13144.57        70.16   294.7
32.0000       -13078.24    -13147.24        69.00   289.8
32.5000       -13074.43    -13146.59        72.15   303.0
33.0000       -13079.44    -13147.99        68.54   287.9
33.5000       -13077.06    -13146.85        69.79   293.1
34.0000       -13076.67    -13147.67        71.00   298.2
34.5000       -13074.15    -13144.98        70.84   297.5
35.0000       -13079.25    -13148.55        69.30   291.0
35.5000       -13075.16    -13145.88        70.72   297.0
36.0000       -13078.25    -13147.45        69.20   290.6
36.5000       -13073.27    -13145.28        72.01   302.4
37.0000       -13073.86    -13144.73        70.86   297.6
37.5000       -13075.67    -13145.89        70.22   294.9
38.0000       -13074.53    -13143.47        68.94   289.6
38.5000       -13072.72    -13143.23        70.51   296.2
39.0000       -13076.57    -13146.47        69.89   293.5
39.5000       -13077.67    -13146.79        69.12   290.3
40.0000       -13075.59    -13146.61        71.02   298.3
40.5000       -13077.09    -13148.03        70.95   298.0
41.0000       -13077.51    -13148.08        70.57   296.4
41.5000       -13080.34    -13149.93        69.59   292.3
42.0000       -13074.84    -13144.22        69.37   291.4
42.5000       -13074.34    -13144.43        70.10   294.4
43.0000       -13073.97    -13144.44        70.47   296.0
43.5000       -13075.39    -13145.42        70.03   294.1
44.0000       -13077.61    -13146.28        68.67   288.4
44.5000       -13078.59    -13148.73        70.14   294.6
45.0000       -13076.79    -13146.91        70.12   294.5
45.5000       -13076.74    -13147.62        70.89   297.7
46.0000       -13075.05    -13145.97        70.92   297.8
46.5000       -13077.64    -13148.13        70.49   296.1
47.0000       -13076.25    -13147.19        70.94   297.9
47.5000       -13075.78    -13147.30        71.52   300.4
48.0000       -13075.66    -13146.22        70.56   296.3
48.5000       -13072.34    -13143.00        70.66   296.8
49.0000       -13073.18    -13143.68        70.50   296.1
49.5000       -13072.69    -13144.21        71.52   300.4
50.0000       -13074.24    -13145.27        71.03   298.3
50.5000       -13075.49    -13144.88        69.40   291.5
51.0000       -13077.41    -13146.49        69.08   290.1
51.5000       -13075.94    -13144.83        68.89   289.3
52.0000       -13075.80    -13145.67        69.87   293.4
52.5000       -13077.59    -13146.37        68.78   288.9
53.0000       -13077.52    -13146.25        68.73   288.7
53.5000       -13072.11    -13146.27        74.16   311.5
54.0000       -13075.24    -13146.04        70.80   297.4
54.5000       -13078.13    -13146.52        68.40   287.3
55.0000       -13078.87    -13147.22        68.35   287.0
55.5000       -13073.43    -13144.34        70.91   297.8
56.0000       -13075.20    -13145.86        70.66   296.8
56.5000       -13073.43    -13144.79        71.35   299.7
57.0000       -13078.31    -13147.26        68.95   289.6
57.5000       -13075.56    -13146.67        71.11   298.6
58.0000       -13071.87    -13143.72        71.85   301.8
58.5000       -13075.46    -13146.57        71.12   298.7
59.0000       -13078.61    -13148.11        69.51   291.9
59.5000       -13075.50    -13145.96        70.45   295.9
60.0000       -13075.48    -13147.13        71.66   301.0
60.5000       -13076.25    -13148.99        72.74   305.5
61.0000       -13072.43    -13143.94        71.52   300.4
61.5000       -13073.75    -13145.54        71.79   301.5
62.0000       -13080.54    -13148.66        68.11   286.1
62.5000       -13075.97    -13148.12        72.15   303.0
63.0000       -13077.40    -13148.61        71.21   299.1
63.5000       -13079.96    -13148.24        68.27   286.8
64.0000       -13078.02    -13147.19        69.17   290.5
64.5000       -13075.44    -13147.55        72.11   302.9
65.0000       -13077.01    -13148.58        71.58   300.6
65.5000       -13074.81    -13146.53        71.72   301.2
66.0000       -13075.31    -13146.47        71.16   298.9
66.5000       -13076.92    -13147.82        70.90   297.8
67.0000       -13073.43    -13144.62        71.19   299.0
67.5000       -13076.73    -13147.81        71.07   298.5
68.0000       -13078.51    -13148.52        70.01   294.0
68.5000       -13080.27    -13148.50        68.23   286.6
69.0000       -13075.05    -13147.19        72.14   303.0
69.5000       -13077.36    -13148.18        70.82   297.4
70.0000       -13073.94    -13145.14        71.20   299.0
70.5000       -13078.11    -13147.67        69.56   292.1
71.0000       -13077.24    -13146.96        69.73   292.9
71.5000       -13077.62    -13148.12        70.50   296.1
72.0000       -13073.93    -13145.41        71.48   300.2
72.5000       -13075.19    -13147.10        71.92   302.1
73.0000       -13076.09    -13146.46        70.36   295.5
73.5000       -13075.89    -13147.27        71.38   299.8
74.0000       -13072.98    -13145.56        72.58   304.8
74.5000       -13075.86    -13147.20        71.34   299.6
75.0000       -13075.77    -13147.35        71.58   300.6
75.5000       -13073.84    -13144.13        70.29   295.2
76.0000       -13076.48    -13147.31        70.83   297.5
76.5000       -13077.09    -13148.58        71.49   300.3
77.0000       -13077.76    -13147.11        69.35   291.3
77.5000       -13078.47    -13148.50        70.02   294.1
78.0000       -13081.22    -13148.50        67.28   282.6
78.5000       -13075.88    -13145.91        70.04   294.1
79.0000       -13076.22    -13147.46        71.24   299.2
79.5000       -13075.64    -13146.44        70.80   297.4
80.0000       -13079.29    -13149.07        69.78   293.1
80.5000       -13080.36    -13148.76        68.39   287.2
81.0000       -13077.01    -13145.04        68.04   285.8
81.5000       -13076.54    -13145.73        69.19   290.6
82.0000       -13075.98    -13146.02        70.04   294.2
82.5000       -13077.24    -13146.20        68.96   289.6
83.0000       -13076.13    -13145.26        69.13   290.3
83.5000       -13077.73    -13148.08        70.36   295.5
84.0000       -13077.92    -13145.26        67.34   282.8
84.5000       -13076.56    -13148.31        71.75   301.3
85.0000       -13076.33    -13145.69        69.36   291.3
85.5000       -13077.55    -13146.67        69.12   290.3
86.0000       -13074.55    -13146.43        71.88   301.9
86.5000       -13078.69    -13149.71        71.02   298.3
87.0000       -13075.46    -13146.60        71.14   298.8
87.5000       -13078.18    -13146.02        67.84   284.9
88.0000       -13077.43    -13146.97        69.54   292.1
88.5000       -13075.99    -13146.33        70.34   295.4
89.0000       -13075.59    -13144.47        68.87   289.3
89.5000       -13077.58    -13147.36        69.78   293.1
90.0000       -13080.55    -13147.54        66.99   281.4
90.5000       -13080.82    -13149.29        68.48   287.6
91.0000       -13075.16    -13147.36        72.19   303.2
91.5000       -13075.55    -13145.74        70.19   294.8
92.0000       -13075.26    -13145.98        70.72   297.0
92.5000       -13077.99    -13147.25        69.26   290.9
93.0000       -13076.29    -13146.80        70.51   296.1
93.5000       -13074.44    -13145.41        70.97   298.1
94.0000       -13074.68    -13145.33        70.65   296.7
94.5000       -13077.61    -13146.37        68.76   288.8
95.0000       -13076.69    -13148.37        71.68   301.0
95.5000       -13078.63    -13147.37        68.74   288.7
96.0000       -13076.53    -13146.09        69.56   292.2
96.5000       -13078.63    -13146.62        67.99   285.6
97.0000       -13075.91    -13148.26        72.35   303.9
97.5000       -13076.32    -13145.83        69.51   291.9
98.0000       -13079.03    -13146.63        67.59   283.9
98.5000       -13077.77    -13146.65        68.88   289.3
99.0000       -13076.08    -13147.45        71.37   299.7
99.5000       -13078.01    -13147.21        69.20   290.6
100.0000      -13076.17    -13147.86        71.69   301.1
0.0000        -13076.17    -13147.86        71.69   301.1
0.5000        -13075.05    -13145.72        70.67   296.8
1.0000        -13073.41    -13144.70        71.29   299.4
1.5000        -13075.11    -13146.70        71.59   300.7
2.0000        -13076.34    -13146.33        69.99   293.9
2.5000        -13078.81    -13149.97        71.16   298.9
3.0000        -13072.91    -13146.44        73.53   308.8
3.5000        -13076.63    -13146.74        70.11   294.5
4.0000        -13078.51    -13147.25        68.75   288.7
4.5000        -13077.15    -13147.50        70.34   295.4
5.0000        -13077.34    -13145.86        68.51   287.8
5.5000        -13077.52    -13147.80        70.29   295.2
6.0000        -13076.44    -13147.98        71.54   300.5
6.5000        -13076.35    -13148.14        71.79   301.5
7.0000        -13079.25    -13149.04        69.80   293.1
7.5000        -13077.70    -13147.57        69.87   293.4
8.0000        -13078.55    -13148.95        70.41   295.7
8.5000        -13076.61    -13148.68        72.07   302.7
9.0000        -13077.54    -13149.08        71.54   300.5
9.5000        -13075.52    -13147.05        71.53   300.4
10.0000       -13078.41    -13147.88        69.47   291.8
10.5000       -13076.90    -13148.59        71.69   301.1
11.0000       -13079.96    -13148.51        68.55   287.9
11.5000       -13079.58    -13149.48        69.90   293.6
12.0000       -13074.89    -13145.62        70.74   297.1
12.5000       -13077.49    -13147.80        70.31   295.3
13.0000       -13079.10    -13149.14        70.04   294.2
13.5000       -13078.27    -13147.10        68.83   289.1
14.0000       -13077.65    -13148.12        70.47   296.0
14.5000       -13077.96    -13148.88        70.92   297.9
15.0000       -13079.39    -13148.83        69.45   291.7
15.5000       -13079.77    -13150.10        70.32   295.3
16.0000       -13078.36    -13148.09        69.73   292.9
16.5000       -13082.24    -13149.79        67.55   283.7
17.0000       -13077.77    -13148.14        70.37   295.6
17.5000       -13080.02    -13148.34        68.32   287.0
18.0000       -13080.44    -13149.86        69.42   291.5
18.5000       -13078.02    -13148.27        70.24   295.0
19.0000       -13076.02    -13147.16        71.14   298.8
19.5000       -13075.57    -13147.60        72.04   302.5
20.0000       -13077.83    -13148.75        70.92   297.9
20.5000       -13077.01    -13148.34        71.33   299.6
21.0000       -13079.20    -13149.25        70.04   294.2
21.5000       -13077.96    -13148.45        70.49   296.0
22.0000       -13077.35    -13147.18        69.83   293.3
22.5000       -13074.27    -13146.22        71.95   302.2
23.0000       -13080.97    -13148.44        67.48   283.4
23.5000       -13076.41    -13148.62        72.20   303.3
24.0000       -13079.96    -13151.28        71.31   299.5
24.5000       -13076.63    -13147.75        71.12   298.7
25.0000       -13075.20    -13147.57        72.38   304.0
25.5000       -13081.47    -13149.19        67.72   284.4
26.0000       -13078.54    -13149.49        70.94   298.0
26.5000       -13079.63    -13149.70        70.07   294.3
27.0000       -13076.96    -13148.82        71.86   301.8
27.5000       -13077.36    -13146.86        69.50   291.9
28.0000       -13078.82    -13150.23        71.41   299.9
28.5000       -13079.92    -13151.60        71.68   301.0
29.0000       -13082.16    -13151.63        69.47   291.8
29.5000       -13076.07    -13149.03        72.96   306.4
30.0000       -13077.63    -13148.33        70.70   296.9
30.5000       -13082.88    -13153.03        70.15   294.6
31.0000       -13081.45    -13150.47        69.03   289.9
31.5000       -13077.88    -13150.14        72.26   303.5
32.0000       -13078.21    -13149.04        70.83   297.5
32.5000       -13080.65    -13149.20        68.54   287.9
33.0000       -13078.99    -13149.79        70.79   297.3
33.5000       -13077.89    -13150.91        73.02   306.7
34.0000       -13081.70    -13150.59        68.88   289.3
34.5000       -13076.48    -13148.63        72.14   303.0
35.0000       -13079.90    -13149.40        69.50   291.9
35.5000       -13076.86    -13148.17        71.31   299.5
36.0000       -13080.72    -13150.02        69.30   291.0
36.5000       -13078.17    -13148.92        70.75   297.2
37.0000       -13077.14    -13148.83        71.70   301.1
37.5000       -13079.01    -13148.72        69.71   292.8
38.0000       -13079.75    -13150.80        71.05   298.4
38.5000       -13082.52    -13152.15        69.63   292.4
39.0000       -13076.31    -13147.99        71.68   301.1
39.5000       -13081.42    -13148.95        67.53   283.6
40.0000       -13074.86    -13148.32        73.46   308.5
40.5000       -13078.77    -13150.60        71.82   301.7
41.0000       -13077.50    -13148.14        70.63   296.7
41.5000       -13080.69    -13150.49        69.80   293.1
42.0000       -13078.73    -13150.49        71.76   301.4
42.5000       -13076.06    -13146.32        70.25   295.1
43.0000       -13078.70    -13149.80        71.10   298.6
43.5000       -13079.63    -13149.96        70.33   295.4
44.0000       -13077.31    -13148.64        71.33   299.6
44.5000       -13080.37    -13149.80        69.44   291.6
45.0000       -13080.95    -13150.54        69.58   292.3
45.5000       -13078.77    -13148.71        69.94   293.8
46.0000       -13079.71    -13149.19        69.47   291.8
46.5000       -13077.28    -13148.61        71.33   299.6
47.0000       -13079.61    -13149.90        70.29   295.2
47.5000       -13077.61    -13148.05        70.44   295.8
48.0000       -13078.00    -13147.78        69.78   293.1
48.5000       -13074.75    -13148.01        73.25   307.7
49.0000       -13077.26    -13148.18        70.91   297.8
49.5000       -13077.69    -13147.88        70.19   294.8
50.0000       -13079.39    -13150.07        70.68   296.9
50.5000       -13081.26    -13149.44        68.17   286.3
51.0000       -13074.10    -13145.55        71.46   300.1
51.5000       -13075.88    -13147.44        71.56   300.5
52.0000       -13077.95    -13147.21        69.26   290.9
52.5000       -13081.56    -13150.18        68.62   288.2
53.0000       -13081.46    -13149.21        67.75   284.5
53.5000       -13080.79    -13149.02        68.23   286.6
54.0000       -13076.69    -13148.49        71.80   301.6
54.5000       -13076.30    -13147.75        71.45   300.1
55.0000       -13078.81    -13149.41        70.60   296.5
55.5000       -13077.01    -13147.45        70.45   295.9
56.0000       -13073.80    -13145.94        72.14   303.0
56.5000       -13075.22    -13147.36        72.14   303.0
57.0000       -13077.13    -13150.89        73.76   309.8
57.5000       -13079.76    -13149.09        69.33   291.2
58.0000       -13078.95    -13148.49        69.54   292.0
58.5000       -13079.42    -13149.36        69.94   293.7
59.0000       -13082.06    -13152.15        70.08   294.3
59.5000       -13080.53    -13151.90        71.37   299.7
60.0000       -13080.24    -13150.21        69.97   293.9
60.5000       -13076.53    -13147.74        71.21   299.1
61.0000       -13075.71    -13149.72        74.01   310.8
61.5000       -13081.03    -13149.72        68.69   288.5
62.0000       -13080.35    -13149.87        69.52   292.0
62.5000       -13077.12    -13149.06        71.94   302.2
63.0000       -13079.38    -13148.81        69.43   291.6
63.5000       -13081.04    -13149.88        68.84   289.1
64.0000       -13080.53    -13151.52        70.99   298.1
64.5000       -13080.29    -13150.91        70.62   296.6
65.0000       -13075.25    -13145.80        70.55   296.3
65.5000       -13076.50    -13146.98        70.48   296.0
66.0000       -13077.54    -13148.02        70.48   296.0
66.5000       -13076.84    -13146.27        69.44   291.6
67.0000       -13079.41    -13150.55        71.13   298.8
67.5000       -13081.94    -13151.36        69.41   291.5
68.0000       -13072.26    -13143.44        71.18   298.9
68.5000       -13077.28    -13147.82        70.54   296.3
69.0000       -13080.71    -13148.76        68.04   285.8
69.5000       -13076.89    -13147.34        70.45   295.9
70.0000       -13077.40    -13148.75        71.35   299.7
70.5000       -13077.34    -13146.72        69.38   291.4
71.0000       -13076.89    -13146.28        69.39   291.5
71.5000       -13077.04    -13147.34        70.30   295.3
72.0000       -13075.79    -13147.68        71.89   301.9
72.5000       -13075.79    -13146.25        70.46   295.9
73.0000       -13074.47    -13146.65        72.18   303.1
73.5000       -13078.99    -13148.62        69.63   292.4
74.0000       -13081.74    -13149.93        68.19   286.4
74.5000       -13079.53    -13149.15        69.62   292.4
75.0000       -13074.81    -13148.21        73.41   308.3
75.5000       -13080.79    -13149.80        69.00   289.8
76.0000       -13077.86    -13149.52        71.66   301.0
76.5000       -13076.26    -13149.65        73.40   308.3
77.0000       -13078.28    -13148.64        70.36   295.5
77.5000       -13079.11    -13149.65        70.54   296.3
78.0000       -13075.52    -13148.91        73.39   308.2
78.5000       -13080.54    -13150.59        70.05   294.2
79.0000       -13080.86    -13151.86        71.00   298.2
79.5000       -13080.15    -13149.79        69.64   292.5
80.0000       -13083.67    -13153.36        69.69   292.7
80.5000       -13078.21    -13148.96        70.75   297.1
81.0000       -13081.01    -13149.85        68.83   289.1
81.5000       -13079.24    -13149.61        70.36   295.5
82.0000       -13078.33    -13149.27        70.94   298.0
82.5000       -13079.83    -13151.29        71.46   300.1
83.0000       -13078.96    -13147.58        68.61   288.2
83.5000       -13073.85    -13147.24        73.39   308.2
84.0000       -13079.42    -13149.27        69.85   293.4
84.5000       -13079.84    -13149.14        69.30   291.1
85.0000       -13078.28    -13150.12        71.84   301.7
85.5000       -13076.14    -13148.53        72.39   304.0
86.0000       -13078.52    -13149.75        71.23   299.1
86.5000       -13079.66    -13150.72        71.07   298.5
87.0000       -13078.40    -13147.95        69.55   292.1
87.5000       -13077.67    -13148.54        70.87   297.6
88.0000       -13079.64    -13149.53        69.89   293.5
88.5000       -13074.94    -13147.40        72.45   304.3
89.0000       -13080.13    -13150.28        70.15   294.6
89.5000       -13078.35    -13149.28        70.93   297.9
90.0000       -13082.51    -13150.57        68.06   285.8
90.5000       -13075.62    -13145.87        70.26   295.1
91.0000       -13079.79    -13148.82        69.04   289.9
91.5000       -13073.79    -13145.73        71.94   302.1
92.0000       -13076.57    -13147.02        70.45   295.9
92.5000       -13082.04    -13150.74        68.70   288.5
93.0000       -13076.18    -13148.63        72.45   304.3
93.5000       -13077.68    -13149.48        71.80   301.6
94.0000       -13081.05    -13149.47        68.42   287.4
94.5000       -13079.53    -13150.58        71.04   298.4
95.0000       -13076.58    -13147.83        71.25   299.3
95.5000       -13077.54    -13148.58        71.05   298.4
96.0000       -13077.39    -13148.04        70.66   296.8
96.5000       -13078.10    -13147.64        69.54   292.1
97.0000       -13080.92    -13149.50        68.59   288.1
97.5000       -13080.53    -13150.85        70.33   295.4
98.0000       -13077.81    -13149.32        71.50   300.3
98.5000       -13076.33    -13148.31        71.98   302.3
99.0000       -13072.82    -13146.70        73.88   310.3
99.5000       -13074.36    -13146.52        72.16   303.1
100.0000      -13082.26    -13151.07        68.81   289.0
0.0000        -13082.25    -13151.06        68.81   289.0
0.5000        -13073.90    -13146.47        72.57   304.8
1.0000        -13080.56    -13148.98        68.42   287.4
1.5000        -13078.27    -13150.78        72.51   304.5
2.0000        -13081.69    -13151.53        69.84   293.3
